16 1 2.943 13.586
17 1 1.911 21.151
18 1 3.772 42.064
19 1 5.394 84.235
20 1 8.477 168.951
21 1 14.073 345.698
22 1 25.915 692.549
23 1 50.319 1431.3
24 1 102.141 2991.75
25 1 191.546 6219.09
16 2 3.441 12.656
17 2 3.413 21.102
18 2 3.344 33.44
19 2 8.263 80.814
20 2 7.983 156.443
21 2 10.778 269.642
22 2 15.918 607.492
23 2 29.145 1231.37
24 2 51.731 2703.33
25 2 196.306 5380.14
16 3 8.108 17.658
17 3 9.489 34.275
18 3 10.25 44.447
19 3 8.185 68.012
20 3 10.199 131.932
21 3 14.132 223.675
22 3 21.467 484.199
23 3 31.978 960.567
24 3 47.419 2007.46
25 3 87.501 3710.82
16 4 1.086 10.65
17 4 1.802 18.975
18 4 2.058 40.583
