16 1 0.410694 7.45923
17 1 0.925698 16.0912
18 1 1.28431 26.4082
19 1 2.60001 60.3939
20 1 4.61294 116.127
21 1 13.4277 232.644
22 1 17.453 451.146
23 1 35.3009 950.599
24 1 69.5772 1930.19
25 1 138.302 4456.42
26 1 295.417 8124.42
27 1 581.268 19026.3
16 2 4.18179 13.3618
17 2 3.58822 21.6838
18 2 2.03408 38.6672
19 2 5.09336 75.7381
20 2 6.07592 158.958
21 2 9.85709 305.54
22 2 13.8011 493.89
23 2 26.4031 1096.61
24 2 55.7967 2045.66
25 2 108.446 5086.08
26 2 226.265 10032.1
27 2 489.298 21604
16 3 1.65442 15.3553
17 3 1.02432 18.2698
18 3 1.45752 36.1102
