16 1 2.896 7.398
17 1 5.645 15.982
18 1 11.161 33.73
19 1 22.94 65.931
20 1 45.775 131.341
21 1 89.398 267.447
22 1 180.228 556.457
23 1 356.705 1147.04
24 1 731.554 2435.69
25 1 1426.67 4977.3
16 2 2.845 6.903
17 2 5.647 10.667
18 2 11.212 24.018
19 2 22.843 44.658
20 2 46.304 91.392
21 2 92.231 171.048
22 2 180.104 343.549
23 2 370.297 720.596
24 2 717.582 1454.53
25 2 1435.57 3164.36
16 3 2.863 9.028
17 3 5.643 45.571
18 3 11.411 34.73
19 3 22.911 41.423
20 3 47.806 82.841
21 3 90.358 177.349
22 3 180.155 354.264
23 3 363.01 727.449
24 3 717.518 1256.97
25 3 1453.16 2661.75
16 4 2.869 12.426
17 4 5.641 25.465
18 4 11.612 50.518
