16 1 2.784 8.099
17 1 5.7 16.938
18 1 11.5 35.078
19 1 23.218 77.542
20 1 45.848 158.457
21 1 94.191 322.493
22 1 179.05 658.213
23 1 358.189 1366.66
24 1 731.732 2860.12
25 1 1440.39 5953.86
16 2 2.816 8.233
17 2 5.617 17.279
18 2 11.562 34.843
19 2 23.089 72.435
20 2 45.992 150.905
21 2 90.432 319.484
22 2 180.219 655.651
23 2 360.623 1368.03
24 2 716.882 2847.79
25 2 1443.53 5875.96
16 3 2.848 8.146
17 3 5.85 17.54
18 3 11.337 34.916
19 3 22.481 72.357
20 3 45.957 150.904
21 3 89.934 317.721
22 3 181.295 657.618
23 3 357.636 1363.14
24 3 724.63 2851.13
25 3 1430.04 5919.27
16 4 2.823 8.185
17 4 5.711 16.828
18 4 11.458 35.118
