16 1 5.32439 6.85678
17 1 9.92826 9.75012
18 1 12.711 19.6573
19 1 14.6527 63.1402
20 1 29.4556 89.2665
21 1 52.701 253.801
22 1 97.1308 558.723
23 1 188.288 867.612
24 1 386.206 2101.59
25 1 742.646 3298.03
26 1 1475.53 7783.95
27 1 3666.92 15528.3
16 2 1.85803 9.43211
17 2 4.17172 15.4899
18 2 9.71543 30.4529
19 2 18.9101 49.8681
20 2 31.6988 107.231
21 2 59.6743 210.769
22 2 104.699 402.152
23 2 190.343 876.973
24 2 370.325 1662.03
25 2 915.023 3937.46
26 2 1819.88 8360.73
27 2 3713.24 16651.8
16 3 3.79239 21.1881
17 3 6.99881 26.0483
18 3 8.56122 46.3316
