16 1 1.90336 12.8596
17 1 6.33422 19.0634
18 1 6.1019 31.3651
19 1 17.5441 54.6185
20 1 28.1284 106.853
21 1 50.4405 214.058
22 1 97.4491 435.902
23 1 189.843 906.013
24 1 371.95 1841.74
25 1 742.585 3864.1
26 1 1480.3 7738.93
27 1 3651.2 19847.1
16 2 2.92313 6.97314
17 2 4.17005 16.4506
18 2 8.83567 31.354
19 2 17.2139 68.9709
20 2 34.4976 149.275
21 2 64.6823 268.457
22 2 93.8631 473.457
23 2 192.417 892.394
24 2 381.81 1915.49
25 2 918.893 4670.39
26 2 1824.99 9562.6
27 2 3705.05 19692
16 3 1.84942 8.76467
17 3 3.67307 15.7581
18 3 7.33853 35.3358
