16 18.590927 12.013912
17 33.634901 25.547028
18 68.723917 56.128979
19 149.127960 119.653940
20 339.160919 250.274897
21 736.646891 533.673048
22 1593.013048 1138.797045
23 3402.400017 2373.409033
24 7334.078074 5118.495941
25 15744.822025 10666.511059
26 33779.139996 22482.692957
27 72228.512049 47388.253927
16 23.456097 15.054941
17 38.283110 32.676935
18 83.524942 68.921089
19 184.144020 148.206949
20 413.995028 309.511900
21 899.341106 671.577930
22 1923.556089 1115.861893
23 3445.369959 2400.778055
24 7319.040060 5054.702997
25 15693.857908 10704.688072
26 40742.357016 22642.549038
27 88334.237099 50303.760052
16 27.532101 15.216112
17 42.836905 32.119036
18 91.777086 68.335056
